<?xml version="1.0" encoding="UTF-8"?>
<robot generator="Robot 4.1.3 (Python 3.9.2 on darwin)" generated="20220318 08:49:30.682" rpa="false" schemaversion="2">
<suite id="s1" name="First" source="/Users/shah/PycharmProjects/pythonProject/rf-selenium/Tests/first.robot">
<test id="s1-t1" name="Validate Unsuccessful login">
<kw name="Open the browser with given url" library="resources">
<kw name="Create Webdriver" library="SeleniumLibrary">
<arg>Chrome</arg>
<arg>executable_path=/Users/shah/PycharmProjects/pythonProject/rf-selenium/drivers/chromedriver</arg>
<doc>Creates an instance of Selenium WebDriver.</doc>
<msg timestamp="20220318 08:49:31.062" level="INFO">Creating an instance of the Chrome WebDriver.</msg>
<status status="PASS" starttime="20220318 08:49:31.061" endtime="20220318 08:49:41.459"/>
</kw>
<kw name="Go To" library="SeleniumLibrary">
<arg>${url}</arg>
<doc>Navigates the current browser window to the provided ``url``.</doc>
<msg timestamp="20220318 08:49:41.461" level="INFO">Opening url 'https://www.saucedemo.com/'</msg>
<status status="PASS" starttime="20220318 08:49:41.460" endtime="20220318 08:49:42.412"/>
</kw>
<status status="PASS" starttime="20220318 08:49:31.061" endtime="20220318 08:49:42.413"/>
</kw>
<kw name="Fill the login form">
<kw name="Input Text" library="SeleniumLibrary">
<arg>id:user-name</arg>
<arg>${username}</arg>
<doc>Types the given ``text`` into the text field identified by ``locator``.</doc>
<msg timestamp="20220318 08:49:42.418" level="INFO">Typing text 'standard_user' into text field 'id:user-name'.</msg>
<status status="PASS" starttime="20220318 08:49:42.415" endtime="20220318 08:49:42.634"/>
</kw>
<kw name="Input Password" library="SeleniumLibrary">
<arg>id:password</arg>
<arg>${invalid_password}</arg>
<doc>Types the given password into the text field identified by ``locator``.</doc>
<msg timestamp="20220318 08:49:42.634" level="INFO">Typing password into text field 'id:password'.</msg>
<msg timestamp="20220318 08:49:42.669" level="INFO">Temporally setting log level to: NONE</msg>
<msg timestamp="20220318 08:49:42.712" level="INFO">Log level changed from NONE to INFO.</msg>
<status status="PASS" starttime="20220318 08:49:42.634" endtime="20220318 08:49:42.712"/>
</kw>
<kw name="Click Button" library="SeleniumLibrary">
<arg>id:login-button</arg>
<doc>Clicks the button identified by ``locator``.</doc>
<msg timestamp="20220318 08:49:42.712" level="INFO">Clicking button 'id:login-button'.</msg>
<status status="PASS" starttime="20220318 08:49:42.712" endtime="20220318 08:49:42.781"/>
</kw>
<status status="PASS" starttime="20220318 08:49:42.414" endtime="20220318 08:49:42.781"/>
</kw>
<kw name="Wait until it checks and display error message">
<kw name="Wait Until Element Is Visible" library="SeleniumLibrary">
<arg>${error_message_text}</arg>
<doc>Waits until the element ``locator`` is visible.</doc>
<status status="PASS" starttime="20220318 08:49:42.782" endtime="20220318 08:49:42.806"/>
</kw>
<status status="PASS" starttime="20220318 08:49:42.782" endtime="20220318 08:49:42.806"/>
</kw>
<kw name="Verify error message is correct">
<kw name="Get Text" library="SeleniumLibrary">
<var>${error_text}</var>
<arg>${error_message_text}</arg>
<doc>Returns the text value of the element identified by ``locator``.</doc>
<msg timestamp="20220318 08:49:42.826" level="INFO">${error_text} = Epic sadface: Username and password do not match any user in this service</msg>
<status status="PASS" starttime="20220318 08:49:42.806" endtime="20220318 08:49:42.826"/>
</kw>
<kw name="Should Be Equal As Strings" library="BuiltIn">
<arg>${error_text}</arg>
<arg>Epic sadface: Username and password do not match any user in this service</arg>
<doc>Fails if objects are unequal after converting them to strings.</doc>
<status status="PASS" starttime="20220318 08:49:42.827" endtime="20220318 08:49:42.827"/>
</kw>
<kw name="Element Text Should Be" library="SeleniumLibrary">
<arg>${error_message_text}</arg>
<arg>Epic sadface: Username and password do not match any user in this service</arg>
<doc>Verifies that element ``locator`` contains exact the text ``expected``.</doc>
<msg timestamp="20220318 08:49:42.827" level="INFO">Verifying element 'css:.error-message-container' contains exact text 'Epic sadface: Username and password do not match any user in this service'.</msg>
<status status="PASS" starttime="20220318 08:49:42.827" endtime="20220318 08:49:42.839"/>
</kw>
<status status="PASS" starttime="20220318 08:49:42.806" endtime="20220318 08:49:42.839"/>
</kw>
<kw name="Close browser session" library="resources" type="TEARDOWN">
<kw name="Close Browser" library="SeleniumLibrary">
<doc>Closes the current browser.</doc>
<status status="PASS" starttime="20220318 08:49:42.840" endtime="20220318 08:49:42.926"/>
</kw>
<status status="PASS" starttime="20220318 08:49:42.839" endtime="20220318 08:49:42.926"/>
</kw>
<status status="PASS" starttime="20220318 08:49:31.060" endtime="20220318 08:49:42.926"/>
</test>
<doc>this is the first try with robotframework</doc>
<status status="PASS" starttime="20220318 08:49:30.686" endtime="20220318 08:49:42.929"/>
</suite>
<statistics>
<total>
<stat pass="1" fail="0" skip="0">All Tests</stat>
</total>
<tag>
</tag>
<suite>
<stat pass="1" fail="0" skip="0" id="s1" name="First">First</stat>
</suite>
</statistics>
<errors>
</errors>
</robot>
