<?xml version="1.0" encoding="UTF-8"?>
<robot generator="Robot 4.1.3 (Python 3.9.2 on darwin)" generated="20220318 13:17:04.454" rpa="false" schemaversion="2">
<suite id="s1" name="Second" source="/Users/shah/PycharmProjects/pythonProject/rf-selenium/Tests/second.robot">
<test id="s1-t1" name="Validate Unsuccessful login">
<kw name="Open the browser with given url" library="resources" type="SETUP">
<kw name="Create Webdriver" library="SeleniumLibrary">
<arg>Chrome</arg>
<arg>executable_path=/Users/shah/PycharmProjects/pythonProject/rf-selenium/drivers/chromedriver</arg>
<doc>Creates an instance of Selenium WebDriver.</doc>
<msg timestamp="20220318 13:17:04.860" level="INFO">Creating an instance of the Chrome WebDriver.</msg>
<status status="PASS" starttime="20220318 13:17:04.859" endtime="20220318 13:17:07.491"/>
</kw>
<kw name="Go To" library="SeleniumLibrary">
<arg>${url}</arg>
<doc>Navigates the current browser window to the provided ``url``.</doc>
<msg timestamp="20220318 13:17:07.493" level="INFO">Opening url 'https://www.saucedemo.com/'</msg>
<status status="PASS" starttime="20220318 13:17:07.492" endtime="20220318 13:17:08.459"/>
</kw>
<status status="PASS" starttime="20220318 13:17:04.859" endtime="20220318 13:17:08.460"/>
</kw>
<kw name="Fill the login form">
<arg>${username}</arg>
<arg>${invalid_password}</arg>
<kw name="Input Text" library="SeleniumLibrary">
<arg>id:user-name</arg>
<arg>${username}</arg>
<doc>Types the given ``text`` into the text field identified by ``locator``.</doc>
<msg timestamp="20220318 13:17:08.464" level="INFO">Typing text 'standard_user' into text field 'id:user-name'.</msg>
<status status="PASS" starttime="20220318 13:17:08.463" endtime="20220318 13:17:08.677"/>
</kw>
<kw name="Input Password" library="SeleniumLibrary">
<arg>id:password</arg>
<arg>${password}</arg>
<doc>Types the given password into the text field identified by ``locator``.</doc>
<msg timestamp="20220318 13:17:08.678" level="INFO">Typing password into text field 'id:password'.</msg>
<msg timestamp="20220318 13:17:08.714" level="INFO">Temporally setting log level to: NONE</msg>
<msg timestamp="20220318 13:17:08.752" level="INFO">Log level changed from NONE to INFO.</msg>
<status status="PASS" starttime="20220318 13:17:08.678" endtime="20220318 13:17:08.752"/>
</kw>
<kw name="Click Button" library="SeleniumLibrary">
<arg>id:login-button</arg>
<doc>Clicks the button identified by ``locator``.</doc>
<msg timestamp="20220318 13:17:08.753" level="INFO">Clicking button 'id:login-button'.</msg>
<status status="PASS" starttime="20220318 13:17:08.753" endtime="20220318 13:17:08.809"/>
</kw>
<status status="PASS" starttime="20220318 13:17:08.461" endtime="20220318 13:17:08.810"/>
</kw>
<kw name="Wait until element is located in the page">
<arg>${error_message_text}</arg>
<kw name="Wait Until Element Is Visible" library="SeleniumLibrary">
<arg>${element}</arg>
<doc>Waits until the element ``locator`` is visible.</doc>
<status status="PASS" starttime="20220318 13:17:08.810" endtime="20220318 13:17:08.833"/>
</kw>
<status status="PASS" starttime="20220318 13:17:08.810" endtime="20220318 13:17:08.833"/>
</kw>
<kw name="Verify error message is correct">
<kw name="Get Text" library="SeleniumLibrary">
<var>${error_text}</var>
<arg>${error_message_text}</arg>
<doc>Returns the text value of the element identified by ``locator``.</doc>
<msg timestamp="20220318 13:17:08.855" level="INFO">${error_text} = Epic sadface: Username and password do not match any user in this service</msg>
<status status="PASS" starttime="20220318 13:17:08.834" endtime="20220318 13:17:08.855"/>
</kw>
<kw name="Should Be Equal As Strings" library="BuiltIn">
<arg>${error_text}</arg>
<arg>Epic sadface: Username and password do not match any user in this service</arg>
<doc>Fails if objects are unequal after converting them to strings.</doc>
<status status="PASS" starttime="20220318 13:17:08.855" endtime="20220318 13:17:08.855"/>
</kw>
<kw name="Element Text Should Be" library="SeleniumLibrary">
<arg>${error_message_text}</arg>
<arg>Epic sadface: Username and password do not match any user in this service</arg>
<doc>Verifies that element ``locator`` contains exact the text ``expected``.</doc>
<msg timestamp="20220318 13:17:08.856" level="INFO">Verifying element 'css:.error-message-container' contains exact text 'Epic sadface: Username and password do not match any user in this service'.</msg>
<status status="PASS" starttime="20220318 13:17:08.856" endtime="20220318 13:17:08.869"/>
</kw>
<status status="PASS" starttime="20220318 13:17:08.834" endtime="20220318 13:17:08.869"/>
</kw>
<kw name="Close browser session" library="resources" type="TEARDOWN">
<kw name="Close Browser" library="SeleniumLibrary">
<doc>Closes the current browser.</doc>
<status status="PASS" starttime="20220318 13:17:08.870" endtime="20220318 13:17:08.963"/>
</kw>
<status status="PASS" starttime="20220318 13:17:08.870" endtime="20220318 13:17:08.963"/>
</kw>
<status status="PASS" starttime="20220318 13:17:04.858" endtime="20220318 13:17:08.963"/>
</test>
<test id="s1-t2" name="Validate successful login">
<kw name="Open the browser with given url" library="resources" type="SETUP">
<kw name="Create Webdriver" library="SeleniumLibrary">
<arg>Chrome</arg>
<arg>executable_path=/Users/shah/PycharmProjects/pythonProject/rf-selenium/drivers/chromedriver</arg>
<doc>Creates an instance of Selenium WebDriver.</doc>
<msg timestamp="20220318 13:17:08.965" level="INFO">Creating an instance of the Chrome WebDriver.</msg>
<status status="PASS" starttime="20220318 13:17:08.965" endtime="20220318 13:17:10.959"/>
</kw>
<kw name="Go To" library="SeleniumLibrary">
<arg>${url}</arg>
<doc>Navigates the current browser window to the provided ``url``.</doc>
<msg timestamp="20220318 13:17:10.961" level="INFO">Opening url 'https://www.saucedemo.com/'</msg>
<status status="PASS" starttime="20220318 13:17:10.960" endtime="20220318 13:17:11.503"/>
</kw>
<status status="PASS" starttime="20220318 13:17:08.965" endtime="20220318 13:17:11.503"/>
</kw>
<kw name="Fill the login form">
<arg>${username}</arg>
<arg>${valid_password}</arg>
<kw name="Input Text" library="SeleniumLibrary">
<arg>id:user-name</arg>
<arg>${username}</arg>
<doc>Types the given ``text`` into the text field identified by ``locator``.</doc>
<msg timestamp="20220318 13:17:11.506" level="INFO">Typing text 'standard_user' into text field 'id:user-name'.</msg>
<status status="PASS" starttime="20220318 13:17:11.505" endtime="20220318 13:17:11.693"/>
</kw>
<kw name="Input Password" library="SeleniumLibrary">
<arg>id:password</arg>
<arg>${password}</arg>
<doc>Types the given password into the text field identified by ``locator``.</doc>
<msg timestamp="20220318 13:17:11.693" level="INFO">Typing password into text field 'id:password'.</msg>
<msg timestamp="20220318 13:17:11.733" level="INFO">Temporally setting log level to: NONE</msg>
<msg timestamp="20220318 13:17:11.807" level="INFO">Log level changed from NONE to INFO.</msg>
<status status="PASS" starttime="20220318 13:17:11.693" endtime="20220318 13:17:11.807"/>
</kw>
<kw name="Click Button" library="SeleniumLibrary">
<arg>id:login-button</arg>
<doc>Clicks the button identified by ``locator``.</doc>
<msg timestamp="20220318 13:17:11.808" level="INFO">Clicking button 'id:login-button'.</msg>
<status status="PASS" starttime="20220318 13:17:11.808" endtime="20220318 13:17:11.951"/>
</kw>
<status status="PASS" starttime="20220318 13:17:11.503" endtime="20220318 13:17:11.951"/>
</kw>
<kw name="Wait until element is located in the page">
<arg>${inventory_title_text}</arg>
<kw name="Wait Until Element Is Visible" library="SeleniumLibrary">
<arg>${element}</arg>
<doc>Waits until the element ``locator`` is visible.</doc>
<status status="PASS" starttime="20220318 13:17:11.952" endtime="20220318 13:17:12.092"/>
</kw>
<status status="PASS" starttime="20220318 13:17:11.951" endtime="20220318 13:17:12.092"/>
</kw>
<kw name="Verify Card title in the inventory page">
<kw name="Create List" library="BuiltIn">
<var>@{itemlist}</var>
<arg>Sauce Labs Backpack</arg>
<arg>Sauce Labs Bike Light</arg>
<arg>Sauce Labs Bolt T-Shirt</arg>
<arg>Sauce Labs Fleece Jacket</arg>
<arg>Sauce Labs Onesie</arg>
<arg>Test.allTheThings() T-Shirt (Red)</arg>
<doc>Returns a list containing given items.</doc>
<msg timestamp="20220318 13:17:12.094" level="INFO">@{itemlist} = [ Sauce Labs Backpack | Sauce Labs Bike Light | Sauce Labs Bolt T-Shirt | Sauce Labs Fleece Jacket | Sauce Labs Onesie | Test.allTheThings() T-Shirt (Red) ]</msg>
<status status="PASS" starttime="20220318 13:17:12.093" endtime="20220318 13:17:12.094"/>
</kw>
<kw name="Get WebElements" library="SeleniumLibrary">
<var>${elements}</var>
<arg>css:.inventory_item_name</arg>
<doc>Returns a list of WebElement objects matching the ``locator``.</doc>
<msg timestamp="20220318 13:17:12.127" level="INFO">${elements} = [&lt;selenium.webdriver.remote.webelement.WebElement (session="78d97d733d540f6e2afceb69e2197315", element="d43bd0aa-f8fe-4d1a-bf03-3fb430d1cc12")&gt;, &lt;selenium.webdriver.remote.webelement.WebElement (sessi...</msg>
<status status="PASS" starttime="20220318 13:17:12.094" endtime="20220318 13:17:12.127"/>
</kw>
<for flavor="IN">
<var>${element}</var>
<value>@{elements}</value>
<iter>
<var name="${element}">&lt;selenium.webdriver.remote.webelement.WebElement (session="78d97d733d540f6e2afceb69e2197315", element="d43bd0aa-f8fe-4d1a-bf03-3fb430d1cc12")&gt;</var>
<kw name="Log" library="BuiltIn">
<arg>${element.text}</arg>
<doc>Logs the given message with the given level.</doc>
<msg timestamp="20220318 13:17:12.275" level="INFO">Sauce Labs Backpack</msg>
<status status="PASS" starttime="20220318 13:17:12.129" endtime="20220318 13:17:12.276"/>
</kw>
<status status="PASS" starttime="20220318 13:17:12.128" endtime="20220318 13:17:12.276"/>
</iter>
<iter>
<var name="${element}">&lt;selenium.webdriver.remote.webelement.WebElement (session="78d97d733d540f6e2afceb69e2197315", element="612f2c05-572b-417f-a4a6-50038dcdee38")&gt;</var>
<kw name="Log" library="BuiltIn">
<arg>${element.text}</arg>
<doc>Logs the given message with the given level.</doc>
<msg timestamp="20220318 13:17:12.349" level="INFO">Sauce Labs Bike Light</msg>
<status status="PASS" starttime="20220318 13:17:12.276" endtime="20220318 13:17:12.349"/>
</kw>
<status status="PASS" starttime="20220318 13:17:12.276" endtime="20220318 13:17:12.350"/>
</iter>
<iter>
<var name="${element}">&lt;selenium.webdriver.remote.webelement.WebElement (session="78d97d733d540f6e2afceb69e2197315", element="6579e910-b02d-425f-9467-ba781dca3fbd")&gt;</var>
<kw name="Log" library="BuiltIn">
<arg>${element.text}</arg>
<doc>Logs the given message with the given level.</doc>
<msg timestamp="20220318 13:17:12.387" level="INFO">Sauce Labs Bolt T-Shirt</msg>
<status status="PASS" starttime="20220318 13:17:12.350" endtime="20220318 13:17:12.387"/>
</kw>
<status status="PASS" starttime="20220318 13:17:12.350" endtime="20220318 13:17:12.387"/>
</iter>
<iter>
<var name="${element}">&lt;selenium.webdriver.remote.webelement.WebElement (session="78d97d733d540f6e2afceb69e2197315", element="59ba7608-6df1-4dd8-af02-80f8cc8deb8e")&gt;</var>
<kw name="Log" library="BuiltIn">
<arg>${element.text}</arg>
<doc>Logs the given message with the given level.</doc>
<msg timestamp="20220318 13:17:12.400" level="INFO">Sauce Labs Fleece Jacket</msg>
<status status="PASS" starttime="20220318 13:17:12.387" endtime="20220318 13:17:12.400"/>
</kw>
<status status="PASS" starttime="20220318 13:17:12.387" endtime="20220318 13:17:12.400"/>
</iter>
<iter>
<var name="${element}">&lt;selenium.webdriver.remote.webelement.WebElement (session="78d97d733d540f6e2afceb69e2197315", element="527e349d-a18c-489a-834e-0b30f404f542")&gt;</var>
<kw name="Log" library="BuiltIn">
<arg>${element.text}</arg>
<doc>Logs the given message with the given level.</doc>
<msg timestamp="20220318 13:17:12.413" level="INFO">Sauce Labs Onesie</msg>
<status status="PASS" starttime="20220318 13:17:12.401" endtime="20220318 13:17:12.413"/>
</kw>
<status status="PASS" starttime="20220318 13:17:12.401" endtime="20220318 13:17:12.413"/>
</iter>
<iter>
<var name="${element}">&lt;selenium.webdriver.remote.webelement.WebElement (session="78d97d733d540f6e2afceb69e2197315", element="6a8ae627-3aa9-4480-8185-a2b9f8fa88ff")&gt;</var>
<kw name="Log" library="BuiltIn">
<arg>${element.text}</arg>
<doc>Logs the given message with the given level.</doc>
<msg timestamp="20220318 13:17:12.426" level="INFO">Test.allTheThings() T-Shirt (Red)</msg>
<status status="PASS" starttime="20220318 13:17:12.414" endtime="20220318 13:17:12.426"/>
</kw>
<status status="PASS" starttime="20220318 13:17:12.414" endtime="20220318 13:17:12.426"/>
</iter>
<status status="PASS" starttime="20220318 13:17:12.127" endtime="20220318 13:17:12.426"/>
</for>
<status status="PASS" starttime="20220318 13:17:12.093" endtime="20220318 13:17:12.426"/>
</kw>
<kw name="Close browser session" library="resources" type="TEARDOWN">
<kw name="Close Browser" library="SeleniumLibrary">
<doc>Closes the current browser.</doc>
<status status="PASS" starttime="20220318 13:17:12.427" endtime="20220318 13:17:12.526"/>
</kw>
<status status="PASS" starttime="20220318 13:17:12.427" endtime="20220318 13:17:12.526"/>
</kw>
<status status="PASS" starttime="20220318 13:17:08.964" endtime="20220318 13:17:12.526"/>
</test>
<doc>this is the first try with robotframework</doc>
<status status="PASS" starttime="20220318 13:17:04.457" endtime="20220318 13:17:12.527"/>
</suite>
<statistics>
<total>
<stat pass="2" fail="0" skip="0">All Tests</stat>
</total>
<tag>
</tag>
<suite>
<stat pass="2" fail="0" skip="0" id="s1" name="Second">Second</stat>
</suite>
</statistics>
<errors>
</errors>
</robot>
